<?xml version="1.0" ?>
<coverage version="7.1.0" timestamp="1677102128189" lines-valid="46" lines-covered="16" line-rate="0.3478" branches-valid="16" branches-covered="11" branch-rate="0.6875" complexity="0">
	<!-- Generated by coverage.py: https://coverage.readthedocs.io -->
	<!-- Based on https://raw.githubusercontent.com/cobertura/web/master/htdocs/xml/coverage-04.dtd -->
	<sources>
		<source>/home/hardduck/python-project-50/gendiff</source>
	</sources>
	<packages>
		<package name="." line-rate="0.5161" branch-rate="0.7857" complexity="0">
			<classes>
				<class name="__init__.py" filename="__init__.py" complexity="0" line-rate="1" branch-rate="1">
					<methods/>
					<lines/>
				</class>
				<class name="cli.py" filename="cli.py" complexity="0" line-rate="0" branch-rate="0">
					<methods/>
					<lines>
						<line number="1" hits="0"/>
						<line number="2" hits="0"/>
						<line number="5" hits="0"/>
						<line number="6" hits="0"/>
						<line number="9" hits="0"/>
						<line number="10" hits="0"/>
						<line number="11" hits="0"/>
						<line number="13" hits="0"/>
						<line number="16" hits="0"/>
						<line number="17" hits="0"/>
						<line number="18" hits="0"/>
						<line number="19" hits="0"/>
						<line number="22" hits="0" branch="true" condition-coverage="0% (0/2)" missing-branches="exit,23"/>
						<line number="23" hits="0"/>
					</lines>
				</class>
				<class name="generate_diff.py" filename="generate_diff.py" complexity="0" line-rate="0.9412" branch-rate="0.9167">
					<methods/>
					<lines>
						<line number="1" hits="1"/>
						<line number="4" hits="1"/>
						<line number="5" hits="1" branch="true" condition-coverage="100% (2/2)"/>
						<line number="6" hits="1"/>
						<line number="7" hits="1" branch="true" condition-coverage="100% (2/2)"/>
						<line number="8" hits="1"/>
						<line number="9" hits="1"/>
						<line number="10" hits="1"/>
						<line number="11" hits="1" branch="true" condition-coverage="100% (2/2)"/>
						<line number="12" hits="1" branch="true" condition-coverage="100% (2/2)"/>
						<line number="13" hits="1"/>
						<line number="18" hits="1" branch="true" condition-coverage="100% (2/2)"/>
						<line number="19" hits="1"/>
						<line number="24" hits="1" branch="true" condition-coverage="50% (1/2)" missing-branches="25"/>
						<line number="25" hits="0"/>
						<line number="31" hits="1"/>
						<line number="36" hits="1"/>
					</lines>
				</class>
			</classes>
		</package>
		<package name="scripts" line-rate="0" branch-rate="0" complexity="0">
			<classes>
				<class name="__init__.py" filename="scripts/__init__.py" complexity="0" line-rate="1" branch-rate="1">
					<methods/>
					<lines/>
				</class>
				<class name="gendiff.py" filename="scripts/gendiff.py" complexity="0" line-rate="0" branch-rate="0">
					<methods/>
					<lines>
						<line number="1" hits="0"/>
						<line number="2" hits="0"/>
						<line number="3" hits="0"/>
						<line number="5" hits="0"/>
						<line number="12" hits="0"/>
						<line number="13" hits="0"/>
						<line number="16" hits="0"/>
						<line number="17" hits="0"/>
						<line number="18" hits="0"/>
						<line number="22" hits="0"/>
						<line number="23" hits="0"/>
						<line number="24" hits="0"/>
						<line number="25" hits="0"/>
						<line number="28" hits="0" branch="true" condition-coverage="0% (0/2)" missing-branches="exit,29"/>
						<line number="29" hits="0"/>
					</lines>
				</class>
			</classes>
		</package>
	</packages>
</coverage>
